<?xml version="1.0" encoding="UTF-8"?>
<!-- Generated by org.testng.reporters.JUnitReportReporter -->
<testsuite hostname="SCA-WS392MC" name="test.PostAnAdTest" tests="2" failures="0" timestamp="24 Jul 2018 21:43:35 GMT" time="17.341" errors="0">
  <testcase name="verifyLoadWithUserLogged" time="7.361" classname="test.PostAnAdTest"/>
  <testcase name="verifyLoadWithUserNoLogged" time="9.980" classname="test.PostAnAdTest"/>
</testsuite> <!-- test.PostAnAdTest -->
