<?xml version="1.0" encoding="UTF-8"?>
<!-- Generated by org.testng.reporters.JUnitReportReporter -->
<testsuite hostname="SCA-WS392MC" name="test.BrowseCategoriesTest" tests="4" failures="0" timestamp="24 Jul 2018 21:43:35 GMT" time="23.188" errors="0">
  <testcase name="verifyfocousOnWithClickArtCrafts" time="5.952" classname="test.BrowseCategoriesTest"/>
  <testcase name="verifyfocousOnWithClickAuto" time="5.653" classname="test.BrowseCategoriesTest"/>
  <testcase name="verifyfocousOnWithClickAntiquesCollectibles" time="5.939" classname="test.BrowseCategoriesTest"/>
  <testcase name="verifyLoadPage" time="5.644" classname="test.BrowseCategoriesTest"/>
</testsuite> <!-- test.BrowseCategoriesTest -->
