<?xml version="1.0" encoding="UTF-8"?>
<!-- Generated by org.testng.reporters.JUnitReportReporter -->
<testsuite hostname="SCA-WS392MC" name="test.RegisterTest" tests="13" failures="0" timestamp="26 Jul 2018 15:47:02 GMT" time="115.577" errors="0">
  <testcase name="testVerifyErrorByUserNameTaken" time="7.537" classname="test.RegisterTest"/>
  <testcase name="testVerifyErrorByUserNameTaken" time="7.501" classname="test.RegisterTest"/>
  <testcase name="testVerifyErrorByUserNameTaken" time="8.066" classname="test.RegisterTest"/>
  <testcase name="testVerifyErrorByUserNameTaken" time="7.271" classname="test.RegisterTest"/>
  <testcase name="testVerifyErrorByDiferentPasword" time="8.994" classname="test.RegisterTest"/>
  <testcase name="testVerifyErrorByUserNameTaken" time="17.900" classname="test.RegisterTest"/>
  <testcase name="verifyAllErrorMessagesDisplayedByEmptyInputs" time="7.967" classname="test.RegisterTest"/>
  <testcase name="testVerifyErrorByUserNameTaken" time="7.378" classname="test.RegisterTest"/>
  <testcase name="testVerifyRegisterLoad" time="7.341" classname="test.RegisterTest"/>
  <testcase name="testVerifyErrorByUserNameTaken" time="8.050" classname="test.RegisterTest"/>
  <testcase name="testVerifyErrorByUserNameTaken" time="7.902" classname="test.RegisterTest"/>
  <testcase name="testVerifyErrorByUserNameTaken" time="11.992" classname="test.RegisterTest"/>
  <testcase name="testVerifyErrorByUserNameTaken" time="7.678" classname="test.RegisterTest"/>
</testsuite> <!-- test.RegisterTest -->
