<?xml version="1.0" encoding="UTF-8"?>
<!-- Generated by org.testng.reporters.JUnitReportReporter -->
<testsuite hostname="SCA-WS392MC" name="test.MyAdsProfileTest" tests="2" failures="0" timestamp="24 Jul 2018 21:43:35 GMT" time="15.913" errors="0">
  <testcase name="verifyLoadWithUserLogged" time="6.419" classname="test.MyAdsProfileTest"/>
  <testcase name="verifyLoadWithUserNotLogged" time="9.494" classname="test.MyAdsProfileTest"/>
</testsuite> <!-- test.MyAdsProfileTest -->
