<?xml version="1.0" encoding="UTF-8"?>
<!-- Generated by org.testng.reporters.JUnitReportReporter -->
<testsuite hostname="SCA-WS392MC" name="test.LoginTest" tests="3" failures="0" timestamp="26 Jul 2018 15:47:02 GMT" time="20.621" errors="0">
  <testcase name="testVerifyPageLoadLogin" time="6.634" classname="test.LoginTest"/>
  <testcase name="testSendInValidCredentials" time="7.017" classname="test.LoginTest"/>
  <testcase name="testSendValidCredentials" time="6.970" classname="test.LoginTest"/>
</testsuite> <!-- test.LoginTest -->
