<?xml version="1.0" encoding="UTF-8"?>
<!-- Generated by org.testng.reporters.JUnitReportReporter -->
<testsuite hostname="SCA-WS392MC" name="test.HomeTest" tests="2" failures="0" timestamp="26 Jul 2018 15:47:02 GMT" time="13.699" errors="0">
  <testcase name="verifyHomePageLoadWhenClickNavMenu" time="6.860" classname="test.HomeTest"/>
  <testcase name="verifyHomePageLoadWhenAppLoading" time="6.839" classname="test.HomeTest"/>
</testsuite> <!-- test.HomeTest -->
